<?xml version="1.0" encoding="UTF-8"?>
<testsuite name="group24.piazzapanic.tests.AssetTests" tests="1" skipped="0" failures="0" errors="0" timestamp="2023-03-02T13:53:19" hostname="LAPTOP-S50501UK" time="0.012">
  <properties/>
  <testcase name="testFloorAssetExists" classname="group24.piazzapanic.tests.AssetTests" time="0.012"/>
  <system-out><![CDATA[]]></system-out>
  <system-err><![CDATA[]]></system-err>
</testsuite>
