<?xml version="1.0" encoding="UTF-8"?>
<testsuite name="group24.piazzapanic.tests.SaveLoadTests" tests="3" skipped="0" failures="0" errors="0" timestamp="2023-05-02T22:55:47" hostname="nas-10-240-145-222.york.ac.uk" time="0.147">
  <properties/>
  <testcase name="TestLoad" classname="group24.piazzapanic.tests.SaveLoadTests" time="0.033"/>
  <testcase name="TestSave" classname="group24.piazzapanic.tests.SaveLoadTests" time="0.074"/>
  <testcase name="TestOrderInt" classname="group24.piazzapanic.tests.SaveLoadTests" time="0.002"/>
  <system-out><![CDATA[]]></system-out>
  <system-err><![CDATA[]]></system-err>
</testsuite>
