<?xml version="1.0" encoding="UTF-8"?>
<testsuite name="group24.piazzapanic.tests.PlayerTests" tests="10" skipped="0" failures="0" errors="0" timestamp="2023-05-02T22:55:47" hostname="nas-10-240-145-222.york.ac.uk" time="0.389">
  <properties/>
  <testcase name="TestPlayerSetSpeed" classname="group24.piazzapanic.tests.PlayerTests" time="0.016"/>
  <testcase name="TestPlayerRight" classname="group24.piazzapanic.tests.PlayerTests" time="0.014"/>
  <testcase name="testPlayerPuttingDownItems" classname="group24.piazzapanic.tests.PlayerTests" time="0.1"/>
  <testcase name="TestPlayerFacingStation" classname="group24.piazzapanic.tests.PlayerTests" time="0.008"/>
  <testcase name="testPlayerMovement" classname="group24.piazzapanic.tests.PlayerTests" time="0.007"/>
  <testcase name="TestPlayerBottom" classname="group24.piazzapanic.tests.PlayerTests" time="0.007"/>
  <testcase name="TestPlayerAct" classname="group24.piazzapanic.tests.PlayerTests" time="0.095"/>
  <testcase name="TestPlayerTop" classname="group24.piazzapanic.tests.PlayerTests" time="0.006"/>
  <testcase name="TestPlayerPickUp" classname="group24.piazzapanic.tests.PlayerTests" time="0.006"/>
  <testcase name="TestPlayerLeft" classname="group24.piazzapanic.tests.PlayerTests" time="0.005"/>
  <system-out><![CDATA[]]></system-out>
  <system-err><![CDATA[]]></system-err>
</testsuite>
