<?xml version="1.0" encoding="UTF-8"?>
<testsuite name="group24.piazzapanic.tests.LevelTests" tests="3" skipped="0" failures="0" errors="0" timestamp="2023-05-02T22:55:47" hostname="nas-10-240-145-222.york.ac.uk" time="0.039">
  <properties/>
  <testcase name="TestGetLevelName" classname="group24.piazzapanic.tests.LevelTests" time="0.009"/>
  <testcase name="TestLevelConstructor" classname="group24.piazzapanic.tests.LevelTests" time="0.004"/>
  <testcase name="TestGetStation" classname="group24.piazzapanic.tests.LevelTests" time="0.005"/>
  <system-out><![CDATA[]]></system-out>
  <system-err><![CDATA[]]></system-err>
</testsuite>
