<?xml version="1.0" encoding="UTF-8"?>
<testsuite name="group24.piazzapanic.tests.DishTests" tests="5" skipped="0" failures="0" errors="0" timestamp="2023-05-02T22:55:46" hostname="nas-10-240-145-222.york.ac.uk" time="0.066">
  <properties/>
  <testcase name="TestGetRecipe" classname="group24.piazzapanic.tests.DishTests" time="0.003"/>
  <testcase name="TestCheckComplete" classname="group24.piazzapanic.tests.DishTests" time="0.003"/>
  <testcase name="TestIsEquals" classname="group24.piazzapanic.tests.DishTests" time="0.003"/>
  <testcase name="TestIsComplete" classname="group24.piazzapanic.tests.DishTests" time="0.005"/>
  <testcase name="TestAddIngredient" classname="group24.piazzapanic.tests.DishTests" time="0.003"/>
  <system-out><![CDATA[]]></system-out>
  <system-err><![CDATA[]]></system-err>
</testsuite>
