<?xml version="1.0" encoding="UTF-8"?>
<testsuite name="group24.piazzapanic.tests.ServingStationTests" tests="3" skipped="0" failures="0" errors="0" timestamp="2023-05-02T22:55:48" hostname="nas-10-240-145-222.york.ac.uk" time="0.16">
  <properties/>
  <testcase name="TestServingStationPlaceItem" classname="group24.piazzapanic.tests.ServingStationTests" time="0.125"/>
  <testcase name="TestServingStationTakeItem" classname="group24.piazzapanic.tests.ServingStationTests" time="0.001"/>
  <testcase name="TestServingStationServeOrder" classname="group24.piazzapanic.tests.ServingStationTests" time="0.001"/>
  <system-out><![CDATA[]]></system-out>
  <system-err><![CDATA[]]></system-err>
</testsuite>
