<?xml version="1.0" encoding="UTF-8"?>
<testsuite name="group24.piazzapanic.tests.IngredientTypeTests" tests="2" skipped="0" failures="0" errors="0" timestamp="2023-05-02T22:55:47" hostname="nas-10-240-145-222.york.ac.uk" time="0.015">
  <properties/>
  <testcase name="equals" classname="group24.piazzapanic.tests.IngredientTypeTests" time="0.01"/>
  <testcase name="TestGetName" classname="group24.piazzapanic.tests.IngredientTypeTests" time="0.0"/>
  <system-out><![CDATA[]]></system-out>
  <system-err><![CDATA[]]></system-err>
</testsuite>
