<?xml version="1.0" encoding="UTF-8"?>
<testsuite name="group24.piazzapanic.tests.StationTests" tests="5" skipped="0" failures="0" errors="0" timestamp="2023-05-02T22:55:48" hostname="nas-10-240-145-222.york.ac.uk" time="0.074">
  <properties/>
  <testcase name="TestStationHasItem" classname="group24.piazzapanic.tests.StationTests" time="0.001"/>
  <testcase name="TestStationPlaceItem" classname="group24.piazzapanic.tests.StationTests" time="0.001"/>
  <testcase name="TestStationConstructerGridXY" classname="group24.piazzapanic.tests.StationTests" time="0.001"/>
  <testcase name="TestStationTakeItem" classname="group24.piazzapanic.tests.StationTests" time="0.0"/>
  <testcase name="TestStationIsEquals" classname="group24.piazzapanic.tests.StationTests" time="0.007"/>
  <system-out><![CDATA[]]></system-out>
  <system-err><![CDATA[]]></system-err>
</testsuite>
