<?xml version="1.0" encoding="UTF-8"?>
<testsuite name="group24.piazzapanic.tests.BinTests" tests="2" skipped="0" failures="0" errors="0" timestamp="2023-05-02T22:55:46" hostname="nas-10-240-145-222.york.ac.uk" time="0.017">
  <properties/>
  <testcase name="TestPlaceItem" classname="group24.piazzapanic.tests.BinTests" time="0.004"/>
  <testcase name="TestTakeItem" classname="group24.piazzapanic.tests.BinTests" time="0.001"/>
  <system-out><![CDATA[]]></system-out>
  <system-err><![CDATA[]]></system-err>
</testsuite>
