<?xml version="1.0" encoding="UTF-8"?>
<testsuite name="group24.piazzapanic.tests.PhysicsTests" tests="2" skipped="0" failures="0" errors="0" timestamp="2023-05-02T22:55:47" hostname="nas-10-240-145-222.york.ac.uk" time="0.063">
  <properties/>
  <testcase name="TestPhysicsPlayerMovement" classname="group24.piazzapanic.tests.PhysicsTests" time="0.036"/>
  <testcase name="TestPhysicsIsSolid" classname="group24.piazzapanic.tests.PhysicsTests" time="0.008"/>
  <system-out><![CDATA[]]></system-out>
  <system-err><![CDATA[]]></system-err>
</testsuite>
