<?xml version="1.0" encoding="UTF-8"?>
<testsuite name="group24.piazzapanic.tests.ObstacleStationTests" tests="2" skipped="0" failures="0" errors="0" timestamp="2023-05-02T22:55:47" hostname="nas-10-240-145-222.york.ac.uk" time="0.017">
  <properties/>
  <testcase name="TestTakeItem" classname="group24.piazzapanic.tests.ObstacleStationTests" time="0.0"/>
  <testcase name="TestHasItem" classname="group24.piazzapanic.tests.ObstacleStationTests" time="0.001"/>
  <system-out><![CDATA[]]></system-out>
  <system-err><![CDATA[]]></system-err>
</testsuite>
